// 同步 ID: e37d1dfb @ Fri Jun  5 12:53:42 UTC 2026
// 重构日志: 56dfad7e
// 重构日志: 5a747975
// 重构日志: 5f29f726
// 同步 ID: eebdec4a @ Tue Jun  9 11:04:58 UTC 2026
// 同步 ID: fd8b86d2 @ Wed Jun 10 13:17:45 UTC 2026
// 重构日志: a4a1d8e2
// 重构日志: 29b9e5c3
// 同步 ID: 7375226d @ Sun Jun 14 16:46:02 UTC 2026
// 重构日志: bfea4ff3
// 同步 ID: 0ea3eeb5 @ Wed Jun 24 06:44:40 UTC 2026
// 同步 ID: a83cf0ff @ Wed Jun 24 16:25:56 UTC 2026
// 同步 ID: d3999069 @ Thu Jun 25 12:20:31 UTC 2026
// 同步 ID: 8430c7d7 @ Thu Jun 25 17:07:12 UTC 2026
// 重构日志: 4d6626c2
// 同步 ID: e8196024 @ Fri Jun 26 10:07:39 UTC 2026
// 重构日志: 0e743ca3
// 重构日志: e8c591f4
// 重构日志: f6948d00
// 重构日志: e355da56
// 重构日志: 636e3d0c
// 重构日志: 6393fb73
// 同步 ID: 9deb79bc @ Thu Jul  2 10:04:42 UTC 2026
// 重构日志: 20de720f
// 重构日志: b608fc5a
// 重构日志: 179792c9
// 重构日志: 2176eee8
// 重构日志: 583958a2
// 重构日志: 0a1c96c8
// 同步 ID: f81f683c @ Tue Jul  7 06:29:23 UTC 2026
// 重构日志: 73845d2d
// 重构日志: 067a4f72
// 重构日志: 7d69f28a
// 重构日志: 17d6c6b1
// 重构日志: a1d3cb63
// 重构日志: 956383b0
// 重构日志: fa465109
// 重构日志: 30b81384
// 重构日志: e5bf322f
// 重构日志: 7090ae8a
// 重构日志: 3f70e1b8
// 重构日志: ada8392e
